#
# There is insufficient memory for the Java Runtime Environment to continue.
# Native memory allocation (malloc) failed to allocate 2014016 bytes for Chunk::new
# Possible reasons:
#   The system is out of physical RAM or swap space
#   In 32 bit mode, the process size limit was hit
# Possible solutions:
#   Reduce memory load on the system
#   Increase physical memory or swap space
#   Check if swap backing store is full
#   Use 64 bit Java on a 64 bit OS
#   Decrease Java heap size (-Xmx/-Xms)
#   Decrease number of Java threads
#   Decrease Java thread stack sizes (-Xss)
#   Set larger code cache with -XX:ReservedCodeCacheSize=
# This output file may be truncated or incomplete.
#
#  Out of Memory Error (allocation.cpp:390), pid=6256, tid=204
#
# JRE version: Java(TM) SE Runtime Environment (8.0_66-b17) (build 1.8.0_66-b17)
# Java VM: Java HotSpot(TM) 64-Bit Server VM (25.66-b17 mixed mode windows-amd64 compressed oops)
# Failed to write core dump. Minidumps are not enabled by default on client versions of Windows
#

---------------  T H R E A D  ---------------

Current thread (0x000000001756c800):  JavaThread "C2 CompilerThread0" daemon [_thread_in_native, id=204, stack(0x0000000018ca0000,0x0000000018da0000)]

Stack: [0x0000000018ca0000,0x0000000018da0000]
[error occurred during error reporting (printing stack bounds), id 0xc0000005]

Native frames: (J=compiled Java code, j=interpreted, Vv=VM code, C=native code)


Current CompileTask:
C2:  11294 2209   !   4       com.android.dx.cf.code.BytecodeArray::parseInstruction (2764 bytes)


---------------  P R O C E S S  ---------------

Java Threads: ( => current thread )
  0x000000001914c000 JavaThread "pool-2-thread-4" [_thread_in_Java, id=14320, stack(0x000000001b170000,0x000000001b270000)]
  0x000000001914b800 JavaThread "pool-2-thread-3" [_thread_in_Java, id=644, stack(0x000000001b070000,0x000000001b170000)]
  0x0000000019381000 JavaThread "pool-2-thread-2" [_thread_in_Java, id=16660, stack(0x000000001af70000,0x000000001b070000)]
  0x0000000019c40000 JavaThread "pool-3-thread-1" [_thread_blocked, id=8904, stack(0x000000001ae70000,0x000000001af70000)]
  0x0000000019c3f000 JavaThread "pool-2-thread-1" [_thread_in_vm, id=17136, stack(0x000000001ad70000,0x000000001ae70000)]
  0x0000000018fc7000 JavaThread "Service Thread" daemon [_thread_blocked, id=3524, stack(0x00000000193a0000,0x00000000194a0000)]
  0x0000000017577000 JavaThread "C1 CompilerThread2" daemon [_thread_blocked, id=2448, stack(0x0000000018ea0000,0x0000000018fa0000)]
  0x0000000017570000 JavaThread "C2 CompilerThread1" daemon [_thread_in_native, id=16864, stack(0x0000000018da0000,0x0000000018ea0000)]
=>0x000000001756c800 JavaThread "C2 CompilerThread0" daemon [_thread_in_native, id=204, stack(0x0000000018ca0000,0x0000000018da0000)]
  0x000000001756b000 JavaThread "Attach Listener" daemon [_thread_blocked, id=17216, stack(0x0000000018ba0000,0x0000000018ca0000)]
  0x0000000017569800 JavaThread "Signal Dispatcher" daemon [_thread_blocked, id=15888, stack(0x0000000018aa0000,0x0000000018ba0000)]
  0x0000000002946800 JavaThread "Finalizer" daemon [_thread_blocked, id=12404, stack(0x00000000188c0000,0x00000000189c0000)]
  0x000000000293e000 JavaThread "Reference Handler" daemon [_thread_blocked, id=11824, stack(0x00000000187c0000,0x00000000188c0000)]
  0x0000000002850800 JavaThread "main" [_thread_in_Java, id=12296, stack(0x0000000002720000,0x0000000002820000)]

Other Threads:
  0x0000000017537800 VMThread [stack: 0x00000000185c0000,0x00000000186c0000] [id=11688]
  0x0000000018fe9000 WatcherThread [stack: 0x00000000194a0000,0x00000000195a0000] [id=16860]

VM state:not at safepoint (normal execution)

VM Mutex/Monitor currently owned by a thread: None

Heap:
 PSYoungGen      total 288256K, used 53154K [0x00000000d5580000, 0x00000000fb180000, 0x0000000100000000)
  eden space 259072K, 9% used [0x00000000d5580000,0x00000000d6ce9b40,0x00000000e5280000)
  from space 29184K, 99% used [0x00000000e5280000,0x00000000e6eff020,0x00000000e6f00000)
  to   space 50176K, 0% used [0x00000000f8080000,0x00000000f8080000,0x00000000fb180000)
 ParOldGen       total 87552K, used 57348K [0x0000000080000000, 0x0000000085580000, 0x00000000d5580000)
  object space 87552K, 65% used [0x0000000080000000,0x0000000083801368,0x0000000085580000)
 Metaspace       used 6548K, capacity 7256K, committed 7424K, reserved 1056768K
  class space    used 625K, capacity 656K, committed 768K, reserved 1048576K

Card table byte_map: [0x0000000011d10000,0x0000000012120000] byte_map_base: 0x0000000011910000

Marking Bits: (ParMarkBitMap*) 0x000000006550a5b0
 Begin Bits: [0x00000000127d0000, 0x00000000147d0000)
 End Bits:   [0x00000000147d0000, 0x00000000167d0000)

Polling page: 0x00000000005a0000

CodeCache: size=245760Kb used=9375Kb max_used=9375Kb free=236385Kb
 bounds [0x0000000002950000, 0x0000000003280000, 0x0000000011950000]
 total_blobs=2403 nmethods=2133 adapters=182
 compilation: enabled

Compilation events (10 events):
Event: 11.229 Thread 0x0000000017577000 2223       2       sun.util.calendar.BaseCalendar$Date::setCache (20 bytes)
Event: 11.229 Thread 0x0000000017577000 nmethod 2223 0x000000000327cad0 code [0x000000000327cc20, 0x000000000327cd70]
Event: 11.229 Thread 0x0000000017577000 2224       2       sun.util.calendar.BaseCalendar::getDayOfYear (26 bytes)
Event: 11.230 Thread 0x0000000017577000 nmethod 2224 0x000000000327ce10 code [0x000000000327cf80, 0x000000000327d1f0]
Event: 11.230 Thread 0x0000000017577000 2227   !   2       com.android.dx.command.dexer.Main::translateClass (65 bytes)
Event: 11.231 Thread 0x0000000017577000 nmethod 2227 0x000000000327d410 code [0x000000000327d5c0, 0x000000000327da28]
Event: 11.231 Thread 0x0000000017577000 2226       2       sun.util.calendar.CalendarDate::getTimeOfDay (21 bytes)
Event: 11.231 Thread 0x0000000017577000 nmethod 2226 0x000000000327dcd0 code [0x000000000327de20, 0x000000000327dfb0]
Event: 11.278 Thread 0x0000000017577000 2228       3       com.android.dx.rop.code.RegisterSpecSet::mutableCopy (57 bytes)
Event: 11.279 Thread 0x0000000017577000 nmethod 2228 0x000000000327e050 code [0x000000000327e200, 0x000000000327e7c8]

GC Heap History (10 events):
Event: 0.894 GC heap before
{Heap before GC invocations=3 (full 0):
 PSYoungGen      total 71680K, used 69510K [0x00000000d5580000, 0x00000000da080000, 0x0000000100000000)
  eden space 66560K, 100% used [0x00000000d5580000,0x00000000d9680000,0x00000000d9680000)
  from space 5120K, 57% used [0x00000000d9b80000,0x00000000d9e61bb8,0x00000000da080000)
  to   space 5120K, 0% used [0x00000000d9680000,0x00000000d9680000,0x00000000d9b80000)
 ParOldGen       total 87552K, used 8K [0x0000000080000000, 0x0000000085580000, 0x00000000d5580000)
  object space 87552K, 0% used [0x0000000080000000,0x0000000080002000,0x0000000085580000)
 Metaspace       used 3424K, capacity 4720K, committed 4864K, reserved 1056768K
  class space    used 371K, capacity 424K, committed 512K, reserved 1048576K
Event: 0.903 GC heap after
Heap after GC invocations=3 (full 0):
 PSYoungGen      total 71680K, used 2934K [0x00000000d5580000, 0x00000000de180000, 0x0000000100000000)
  eden space 66560K, 0% used [0x00000000d5580000,0x00000000d5580000,0x00000000d9680000)
  from space 5120K, 57% used [0x00000000d9680000,0x00000000d995dbc8,0x00000000d9b80000)
  to   space 5120K, 0% used [0x00000000ddc80000,0x00000000ddc80000,0x00000000de180000)
 ParOldGen       total 87552K, used 16K [0x0000000080000000, 0x0000000085580000, 0x00000000d5580000)
  object space 87552K, 0% used [0x0000000080000000,0x0000000080004000,0x0000000085580000)
 Metaspace       used 3424K, capacity 4720K, committed 4864K, reserved 1056768K
  class space    used 371K, capacity 424K, committed 512K, reserved 1048576K
}
Event: 2.938 GC heap before
{Heap before GC invocations=4 (full 0):
 PSYoungGen      total 71680K, used 69494K [0x00000000d5580000, 0x00000000de180000, 0x0000000100000000)
  eden space 66560K, 100% used [0x00000000d5580000,0x00000000d9680000,0x00000000d9680000)
  from space 5120K, 57% used [0x00000000d9680000,0x00000000d995dbc8,0x00000000d9b80000)
  to   space 5120K, 0% used [0x00000000ddc80000,0x00000000ddc80000,0x00000000de180000)
 ParOldGen       total 87552K, used 16K [0x0000000080000000, 0x0000000085580000, 0x00000000d5580000)
  object space 87552K, 0% used [0x0000000080000000,0x0000000080004000,0x0000000085580000)
 Metaspace       used 6170K, capacity 7024K, committed 7296K, reserved 1056768K
  class space    used 602K, capacity 616K, committed 640K, reserved 1048576K
Event: 2.968 GC heap after
Heap after GC invocations=4 (full 0):
 PSYoungGen      total 138240K, used 5116K [0x00000000d5580000, 0x00000000de180000, 0x0000000100000000)
  eden space 133120K, 0% used [0x00000000d5580000,0x00000000d5580000,0x00000000dd780000)
  from space 5120K, 99% used [0x00000000ddc80000,0x00000000de17f158,0x00000000de180000)
  to   space 5120K, 0% used [0x00000000dd780000,0x00000000dd780000,0x00000000ddc80000)
 ParOldGen       total 87552K, used 6322K [0x0000000080000000, 0x0000000085580000, 0x00000000d5580000)
  object space 87552K, 7% used [0x0000000080000000,0x000000008062c940,0x0000000085580000)
 Metaspace       used 6170K, capacity 7024K, committed 7296K, reserved 1056768K
  class space    used 602K, capacity 616K, committed 640K, reserved 1048576K
}
Event: 5.442 GC heap before
{Heap before GC invocations=5 (full 0):
 PSYoungGen      total 138240K, used 138236K [0x00000000d5580000, 0x00000000de180000, 0x0000000100000000)
  eden space 133120K, 100% used [0x00000000d5580000,0x00000000dd780000,0x00000000dd780000)
  from space 5120K, 99% used [0x00000000ddc80000,0x00000000de17f158,0x00000000de180000)
  to   space 5120K, 0% used [0x00000000dd780000,0x00000000dd780000,0x00000000ddc80000)
 ParOldGen       total 87552K, used 6322K [0x0000000080000000, 0x0000000085580000, 0x00000000d5580000)
  object space 87552K, 7% used [0x0000000080000000,0x000000008062c940,0x0000000085580000)
 Metaspace       used 6325K, capacity 7152K, committed 7296K, reserved 1056768K
  class space    used 604K, capacity 616K, committed 640K, reserved 1048576K
Event: 5.557 GC heap after
Heap after GC invocations=5 (full 0):
 PSYoungGen      total 138240K, used 5105K [0x00000000d5580000, 0x00000000e8480000, 0x0000000100000000)
  eden space 133120K, 0% used [0x00000000d5580000,0x00000000d5580000,0x00000000dd780000)
  from space 5120K, 99% used [0x00000000dd780000,0x00000000ddc7c5f8,0x00000000ddc80000)
  to   space 22016K, 0% used [0x00000000e6f00000,0x00000000e6f00000,0x00000000e8480000)
 ParOldGen       total 87552K, used 25236K [0x0000000080000000, 0x0000000085580000, 0x00000000d5580000)
  object space 87552K, 28% used [0x0000000080000000,0x00000000818a5240,0x0000000085580000)
 Metaspace       used 6325K, capacity 7152K, committed 7296K, reserved 1056768K
  class space    used 604K, capacity 616K, committed 640K, reserved 1048576K
}
Event: 7.214 GC heap before
{Heap before GC invocations=6 (full 0):
 PSYoungGen      total 138240K, used 138225K [0x00000000d5580000, 0x00000000e8480000, 0x0000000100000000)
  eden space 133120K, 100% used [0x00000000d5580000,0x00000000dd780000,0x00000000dd780000)
  from space 5120K, 99% used [0x00000000dd780000,0x00000000ddc7c5f8,0x00000000ddc80000)
  to   space 22016K, 0% used [0x00000000e6f00000,0x00000000e6f00000,0x00000000e8480000)
 ParOldGen       total 87552K, used 25236K [0x0000000080000000, 0x0000000085580000, 0x00000000d5580000)
  object space 87552K, 28% used [0x0000000080000000,0x00000000818a5240,0x0000000085580000)
 Metaspace       used 6489K, capacity 7256K, committed 7424K, reserved 1056768K
  class space    used 625K, capacity 656K, committed 768K, reserved 1048576K
Event: 7.318 GC heap after
Heap after GC invocations=6 (full 0):
 PSYoungGen      total 281088K, used 21994K [0x00000000d5580000, 0x00000000e9280000, 0x0000000100000000)
  eden space 259072K, 0% used [0x00000000d5580000,0x00000000d5580000,0x00000000e5280000)
  from space 22016K, 99% used [0x00000000e6f00000,0x00000000e847a8f8,0x00000000e8480000)
  to   space 29184K, 0% used [0x00000000e5280000,0x00000000e5280000,0x00000000e6f00000)
 ParOldGen       total 87552K, used 28608K [0x0000000080000000, 0x0000000085580000, 0x00000000d5580000)
  object space 87552K, 32% used [0x0000000080000000,0x0000000081bf0128,0x0000000085580000)
 Metaspace       used 6489K, capacity 7256K, committed 7424K, reserved 1056768K
  class space    used 625K, capacity 656K, committed 768K, reserved 1048576K
}
Event: 10.748 GC heap before
{Heap before GC invocations=7 (full 0):
 PSYoungGen      total 281088K, used 281066K [0x00000000d5580000, 0x00000000e9280000, 0x0000000100000000)
  eden space 259072K, 100% used [0x00000000d5580000,0x00000000e5280000,0x00000000e5280000)
  from space 22016K, 99% used [0x00000000e6f00000,0x00000000e847a8f8,0x00000000e8480000)
  to   space 29184K, 0% used [0x00000000e5280000,0x00000000e5280000,0x00000000e6f00000)
 ParOldGen       total 87552K, used 28608K [0x0000000080000000, 0x0000000085580000, 0x00000000d5580000)
  object space 87552K, 32% used [0x0000000080000000,0x0000000081bf0128,0x0000000085580000)
 Metaspace       used 6537K, capacity 7256K, committed 7424K, reserved 1056768K
  class space    used 625K, capacity 656K, committed 768K, reserved 1048576K
Event: 11.085 GC heap after
Heap after GC invocations=7 (full 0):
 PSYoungGen      total 288256K, used 29180K [0x00000000d5580000, 0x00000000fb180000, 0x0000000100000000)
  eden space 259072K, 0% used [0x00000000d5580000,0x00000000d5580000,0x00000000e5280000)
  from space 29184K, 99% used [0x00000000e5280000,0x00000000e6eff020,0x00000000e6f00000)
  to   space 50176K, 0% used [0x00000000f8080000,0x00000000f8080000,0x00000000fb180000)
 ParOldGen       total 87552K, used 57348K [0x0000000080000000, 0x0000000085580000, 0x00000000d5580000)
  object space 87552K, 65% used [0x0000000080000000,0x0000000083801368,0x0000000085580000)
 Metaspace       used 6537K, capacity 7256K, committed 7424K, reserved 1056768K
  class space    used 625K, capacity 656K, committed 768K, reserved 1048576K
}

Deoptimization events (10 events):
Event: 8.061 Thread 0x0000000019381000 Uncommon trap: reason=unstable_if action=reinterpret pc=0x0000000002fec2c4 method=java.util.HashMap.getNode(ILjava/lang/Object;)Ljava/util/HashMap$Node; @ 84
Event: 8.159 Thread 0x000000001914c000 Uncommon trap: reason=bimorphic action=maybe_recompile pc=0x00000000031aabcc method=com.android.dx.cf.code.BytecodeArray.parseInstruction(ILcom/android/dx/cf/code/BytecodeArray$Visitor;)I @ 2135
Event: 8.159 Thread 0x000000001914c000 Uncommon trap: reason=bimorphic action=maybe_recompile pc=0x00000000031aabcc method=com.android.dx.cf.code.BytecodeArray.parseInstruction(ILcom/android/dx/cf/code/BytecodeArray$Visitor;)I @ 2135
Event: 8.947 Thread 0x0000000019381000 Uncommon trap: reason=unstable_if action=reinterpret pc=0x0000000002ee2d70 method=com.android.dx.dex.code.OutputFinisher.hasLocalInfo(Lcom/android/dx/dex/code/DalvInsn;)Z @ 24
Event: 10.190 Thread 0x000000001914b800 Uncommon trap: reason=unstable_if action=reinterpret pc=0x00000000030ec7d0 method=java.util.HashMap.resize()[Ljava/util/HashMap$Node; @ 206
Event: 10.581 Thread 0x0000000019c3f000 Uncommon trap: reason=bimorphic action=maybe_recompile pc=0x000000000321cf74 method=com.android.dx.cf.code.BytecodeArray.parseInstruction(ILcom/android/dx/cf/code/BytecodeArray$Visitor;)I @ 2484
Event: 10.581 Thread 0x0000000019c3f000 Uncommon trap: reason=bimorphic action=maybe_recompile pc=0x000000000321cf74 method=com.android.dx.cf.code.BytecodeArray.parseInstruction(ILcom/android/dx/cf/code/BytecodeArray$Visitor;)I @ 2484
Event: 10.728 Thread 0x0000000002850800 Uncommon trap: reason=unstable_if action=reinterpret pc=0x00000000030944d4 method=com.android.dx.rop.code.RegisterSpecSet.<init>(I)V @ 2
Event: 10.728 Thread 0x0000000002850800 Uncommon trap: reason=unstable_if action=reinterpret pc=0x0000000002f4d338 method=com.android.dx.rop.code.RegisterSpecSet.<init>(I)V @ 2
Event: 11.153 Thread 0x000000001914c000 Uncommon trap: reason=bimorphic action=maybe_recompile pc=0x000000000312c32c method=com.android.dx.cf.code.OneLocalsArray.set(ILcom/android/dx/rop/type/TypeBearer;)V @ 85

Internal exceptions (7 events):
Event: 0.112 Thread 0x0000000002850800 Exception <a 'java/lang/NoSuchMethodError': Method sun.misc.Unsafe.defineClass(Ljava/lang/String;[BII)Ljava/lang/Class; name or signature does not match> (0x00000000d558d608) thrown at [C:\re\workspace\8-2-build-windows-amd64-cygwin\jdk8u66\4988\hotspot\sr€¶'æ.µº?
Event: 0.112 Thread 0x0000000002850800 Exception <a 'java/lang/NoSuchMethodError': Method sun.misc.Unsafe.prefetchRead(Ljava/lang/Object;J)V name or signature does not match> (0x00000000d558d8f0) thrown at [C:\re\workspace\8-2-build-windows-amd64-cygwin\jdk8u66\4988\hotspot\src\share\vm\prims\jÃZE@
Event: 2.159 Thread 0x0000000019c3f000 Implicit null exception at 0x0000000002cee4e2 to 0x0000000002cee5e9
Event: 2.430 Thread 0x000000001914c000 Implicit null exception at 0x0000000002d2160e to 0x0000000002d22dad
Event: 6.971 Thread 0x0000000002850800 Exception <a 'java/lang/ArrayIndexOutOfBoundsException': 18> (0x00000000db9f1eb8) thrown at [C:\re\workspace\8-2-build-windows-amd64-cygwin\jdk8u66\4988\hotspot\src\share\vm\interpreter\interpreterRuntime.cpp, line 366]
Event: 6.976 Thread 0x0000000002850800 Exception <a 'java/lang/ArrayIndexOutOfBoundsException'> (0x00000000db9f3a38) thrown at [C:\re\workspace\8-2-build-windows-amd64-cygwin\jdk8u66\4988\hotspot\src\share\vm\runtime\sharedRuntime.cpp, line 605]
Event: 6.978 Thread 0x0000000002850800 Exception <a 'java/lang/ArrayIndexOutOfBoundsException'> (0x00000000db9f4d20) thrown at [C:\re\workspace\8-2-build-windows-amd64-cygwin\jdk8u66\4988\hotspot\src\share\vm\runtime\sharedRuntime.cpp, line 605]

Events (10 events):
Event: 10.728 Thread 0x0000000002850800 DEOPT UNPACKING pc=0x000000000299582a sp=0x000000000281e2f8 mode 2
Event: 10.730 Executing VM operation: ParallelGCFailedAllocation
Event: 11.085 Executing VM operation: ParallelGCFailedAllocation done
Event: 11.132 Thread 0x0000000019c3f000 DEOPT PACKING pc=0x0000000002e0e520 sp=0x000000001ae6e5a0
Event: 11.132 Thread 0x0000000019c3f000 DEOPT UNPACKING pc=0x000000000299787f sp=0x000000001ae6e3d0 mode 0
Event: 11.153 Thread 0x000000001914c000 Uncommon trap: trap_request=0xffffffc6 fr.pc=0x000000000312c32c
Event: 11.153 Thread 0x000000001914c000 DEOPT PACKING pc=0x000000000312c32c sp=0x000000001b26e1b0
Event: 11.153 Thread 0x000000001914c000 DEOPT UNPACKING pc=0x000000000299582a sp=0x000000001b26e098 mode 2
Event: 11.278 Thread 0x0000000019c3f000 DEOPT PACKING pc=0x000000000325fa63 sp=0x000000001ae6e6c0
Event: 11.278 Thread 0x0000000019c3f000 DEOPT UNPACKING pc=0x000000000299787f sp=0x000000001ae6e418 mode 0


Dynamic libraries:
0x00007ff7a44e0000 - 0x00007ff7a4517000 	C:\Program Files\Java\jdk1.8.0_66\bin\java.exe
0x00007ffd4e2a0000 - 0x00007ffd4e461000 	C:\WINDOWS\SYSTEM32\ntdll.dll
0x00007ffd4bd80000 - 0x00007ffd4be2d000 	C:\WINDOWS\system32\KERNEL32.DLL
0x00007ffd4aa30000 - 0x00007ffd4ac18000 	C:\WINDOWS\system32\KERNELBASE.dll
0x00007ffd4bcd0000 - 0x00007ffd4bd77000 	C:\WINDOWS\system32\ADVAPI32.dll
0x00007ffd4d6a0000 - 0x00007ffd4d73d000 	C:\WINDOWS\system32\msvcrt.dll
0x00007ffd4be70000 - 0x00007ffd4becb000 	C:\WINDOWS\system32\sechost.dll
0x00007ffd4bbb0000 - 0x00007ffd4bccc000 	C:\WINDOWS\system32\RPCRT4.dll
0x00007ffd4db80000 - 0x00007ffd4dcd6000 	C:\WINDOWS\system32\USER32.dll
0x00007ffd4d9d0000 - 0x00007ffd4db56000 	C:\WINDOWS\system32\GDI32.dll
0x00007ffd3de40000 - 0x00007ffd3e0b4000 	C:\WINDOWS\WinSxS\amd64_microsoft.windows.common-controls_6595b64144ccf1df_6.0.10586.0_none_8c15ae12515e1c22\COMCTL32.dll
0x00007ffd4dce0000 - 0x00007ffd4df5d000 	C:\WINDOWS\system32\combase.dll
0x00007ffd4b3a0000 - 0x00007ffd4b40a000 	C:\WINDOWS\system32\bcryptPrimitives.dll
0x00007ffd2f430000 - 0x00007ffd2f95a000 	C:\Program Files\McAfee\DLP\Agent\fcagcbh64.dll
0x00007ffd4bb50000 - 0x00007ffd4bba2000 	C:\WINDOWS\system32\SHLWAPI.dll
0x0000000000550000 - 0x0000000000558000 	C:\WINDOWS\system32\PSAPI.DLL
0x00007ffd4bf80000 - 0x00007ffd4c0c3000 	C:\WINDOWS\system32\ole32.dll
0x00007ffd4be30000 - 0x00007ffd4be6b000 	C:\WINDOWS\system32\IMM32.DLL
0x00007ffd49db0000 - 0x00007ffd49de1000 	C:\WINDOWS\SYSTEM32\ntmarta.dll
0x00007ffd343e0000 - 0x00007ffd3448c000 	C:\Program Files\McAfee\Endpoint Security\Threat Prevention\Ips\EpMPApi.dll
0x0000000001ed0000 - 0x0000000001f25000 	C:\WINDOWS\system32\WINTRUST.dll
0x00007ffd4a940000 - 0x00007ffd4a950000 	C:\WINDOWS\system32\MSASN1.dll
0x00007ffd4b410000 - 0x00007ffd4b5d7000 	C:\WINDOWS\system32\CRYPT32.dll
0x0000000065d80000 - 0x0000000065d8b000 	C:\Program Files\McAfee\Endpoint Security\Threat Prevention\Ips\EpMPThe.dll
0x0000000060b20000 - 0x0000000060bf2000 	C:\Program Files\Java\jdk1.8.0_66\jre\bin\msvcr100.dll
0x0000000064d00000 - 0x0000000065589000 	C:\Program Files\Java\jdk1.8.0_66\jre\bin\server\jvm.dll
0x00007ffd48ae0000 - 0x00007ffd48b03000 	C:\WINDOWS\SYSTEM32\WINMM.dll
0x00007ffd3b8e0000 - 0x00007ffd3b8ea000 	C:\WINDOWS\SYSTEM32\VERSION.dll
0x00007ffd3ff30000 - 0x00007ffd3ff39000 	C:\WINDOWS\SYSTEM32\WSOCK32.dll
0x00007ffd4c0d0000 - 0x00007ffd4c13b000 	C:\WINDOWS\system32\WS2_32.dll
0x00007ffd48ab0000 - 0x00007ffd48adc000 	C:\WINDOWS\SYSTEM32\WINMMBASE.dll
0x00007ffd4a950000 - 0x00007ffd4a993000 	C:\WINDOWS\system32\cfgmgr32.dll
0x0000000064cf0000 - 0x0000000064cff000 	C:\Program Files\Java\jdk1.8.0_66\jre\bin\verify.dll
0x0000000064cc0000 - 0x0000000064ce9000 	C:\Program Files\Java\jdk1.8.0_66\jre\bin\java.dll
0x0000000064ca0000 - 0x0000000064cb6000 	C:\Program Files\Java\jdk1.8.0_66\jre\bin\zip.dll
0x00007ffd4c140000 - 0x00007ffd4d69c000 	C:\WINDOWS\system32\SHELL32.dll
0x00007ffd4ad50000 - 0x00007ffd4b395000 	C:\WINDOWS\system32\windows.storage.dll
0x00007ffd4a930000 - 0x00007ffd4a93f000 	C:\WINDOWS\system32\kernel.appcore.dll
0x00007ffd4b5e0000 - 0x00007ffd4b695000 	C:\WINDOWS\system32\shcore.dll
0x00007ffd4a8c0000 - 0x00007ffd4a90b000 	C:\WINDOWS\system32\powrprof.dll
0x00007ffd4a910000 - 0x00007ffd4a924000 	C:\WINDOWS\system32\profapi.dll

VM Arguments:
jvm_args: -Xmx2048M -Dfile.encoding=windows-1252 -Duser.country=US -Duser.language=en -Duser.variant 
java_command: com.android.dx.command.Main --dex --force-jumbo --num-threads=4 --multi-dex --main-dex-list C:\Users\oluwafemi.bamisaye\Documents\Android Projects\VisiLautech\app\build\intermediates\multi-dex\debug\maindexlist.txt --output C:\Users\oluwafemi.bamisaye\Documents\Android Projects\VisiLautech\app\build\intermediates\dex\debug C:\Users\oluwafemi.bamisaye\Documents\Android Projects\VisiLautech\app\build\intermediates\multi-dex\debug\allclasses.jar
java_class_path (initial): C:\sdk\build-tools\23.0.2\lib\dx.jar
Launcher Type: SUN_STANDARD

Environment Variables:
PATH=C:\ProgramData\Oracle\Java\javapath;C:\Windows\system32;C:\Windows;C:\Windows\System32\Wbem;C:\Windows\System32\WindowsPowerShell\v1.0\;C:\adb;C:\Program Files\TortoiseSVN\bin;C:\Program Files (x86)\Windows Kits\8.1\Windows Performance Toolkit\;C:\Program Files\Microsoft SQL Server\110\Tools\Binn\;C:\Program Files (x86)\Skype\Phone\;C:\Program Files\Git\cmd;C:\WINDOWS\system32;C:\WINDOWS;C:\WINDOWS\System32\Wbem;C:\WINDOWS\System32\WindowsPowerShell\v1.0\;C:\Program Files (x86)\Microsoft SDKs\TypeScript\1.0\;C:\Program Files\Microsoft SQL Server\120\Tools\Binn\;%USERPROFILE%\.dnx\bin;C:\Program Files\Microsoft DNX\Dnvm\
USERNAME=oluwafemi.bamisaye
OS=Windows_NT
PROCESSOR_IDENTIFIER=Intel64 Family 6 Model 60 Stepping 3, GenuineIntel



---------------  S Y S T E M  ---------------

OS: Windows 10.0 , 64 bit Build 10586 (10.0.10586.0)

CPU:total 4 (2 cores per cpu, 2 threads per core) family 6 model 60 stepping 3, cmov, cx8, fxsr, mmx, sse, sse2, sse3, ssse3, sse4.1, sse4.2, popcnt, avx, avx2, aes, clmul, erms, lzcnt, ht, tsc, tscinvbit, bmi1, bmi2

Memory: 4k page, physical 8291864k(958368k free), swap 16483864k(6732k free)

vm_info: Java HotSpot(TM) 64-Bit Server VM (25.66-b17) for windows-amd64 JRE (1.8.0_66-b17), built on Oct  6 2015 18:55:33 by "java_re" with MS VC++ 10.0 (VS2010)

time: Thu Mar 31 19:41:56 2016
elapsed time: 11 seconds (0d 0h 0m 11s)

