#
# There is insufficient memory for the Java Runtime Environment to continue.
# Native memory allocation (malloc) failed to allocate 1834128 bytes for Chunk::new
# Possible reasons:
#   The system is out of physical RAM or swap space
#   In 32 bit mode, the process size limit was hit
# Possible solutions:
#   Reduce memory load on the system
#   Increase physical memory or swap space
#   Check if swap backing store is full
#   Use 64 bit Java on a 64 bit OS
#   Decrease Java heap size (-Xmx/-Xms)
#   Decrease number of Java threads
#   Decrease Java thread stack sizes (-Xss)
#   Set larger code cache with -XX:ReservedCodeCacheSize=
# This output file may be truncated or incomplete.
#
#  Out of Memory Error (allocation.cpp:390), pid=8468, tid=4132
#
# JRE version: Java(TM) SE Runtime Environment (8.0_66-b17) (build 1.8.0_66-b17)
# Java VM: Java HotSpot(TM) 64-Bit Server VM (25.66-b17 mixed mode windows-amd64 compressed oops)
# Failed to write core dump. Minidumps are not enabled by default on client versions of Windows
#

---------------  T H R E A D  ---------------

Current thread (0x00000000176b0000):  JavaThread "C2 CompilerThread1" daemon [_thread_in_native, id=4132, stack(0x0000000018e20000,0x0000000018f20000)]

Stack: [0x0000000018e20000,0x0000000018f20000]
[error occurred during error reporting (printing stack bounds), id 0xc0000005]

Native frames: (J=compiled Java code, j=interpreted, Vv=VM code, C=native code)


Current CompileTask:
C2:  85099 2807   !   4       com.android.dx.dex.cf.CfTranslator::processMethods (583 bytes)


---------------  P R O C E S S  ---------------

Java Threads: ( => current thread )
  0x000000001924d000 JavaThread "pool-2-thread-4" [_thread_blocked, id=15992, stack(0x000000001b1f0000,0x000000001b2f0000)]
  0x000000001938a000 JavaThread "pool-2-thread-3" [_thread_blocked, id=12760, stack(0x000000001b0f0000,0x000000001b1f0000)]
  0x0000000019389000 JavaThread "pool-2-thread-2" [_thread_blocked, id=10268, stack(0x000000001aff0000,0x000000001b0f0000)]
  0x0000000019976800 JavaThread "pool-3-thread-1" [_thread_blocked, id=12580, stack(0x000000001aef0000,0x000000001aff0000)]
  0x0000000019388800 JavaThread "pool-2-thread-1" [_thread_blocked, id=7180, stack(0x000000001adf0000,0x000000001aef0000)]
  0x000000001770e000 JavaThread "Service Thread" daemon [_thread_blocked, id=11932, stack(0x0000000019420000,0x0000000019520000)]
  0x00000000176b7000 JavaThread "C1 CompilerThread2" daemon [_thread_blocked, id=7920, stack(0x0000000018f20000,0x0000000019020000)]
=>0x00000000176b0000 JavaThread "C2 CompilerThread1" daemon [_thread_in_native, id=4132, stack(0x0000000018e20000,0x0000000018f20000)]
  0x00000000176ac800 JavaThread "C2 CompilerThread0" daemon [_thread_blocked, id=572, stack(0x0000000018d20000,0x0000000018e20000)]
  0x00000000176ab000 JavaThread "Attach Listener" daemon [_thread_blocked, id=6284, stack(0x0000000018c20000,0x0000000018d20000)]
  0x00000000176a9800 JavaThread "Signal Dispatcher" daemon [_thread_blocked, id=17368, stack(0x0000000018b20000,0x0000000018c20000)]
  0x00000000029a6800 JavaThread "Finalizer" daemon [_thread_blocked, id=16508, stack(0x0000000018a20000,0x0000000018b20000)]
  0x000000000299e000 JavaThread "Reference Handler" daemon [_thread_blocked, id=6612, stack(0x0000000018920000,0x0000000018a20000)]
  0x00000000028b0800 JavaThread "main" [_thread_blocked, id=16004, stack(0x0000000002730000,0x0000000002830000)]

Other Threads:
  0x0000000017677800 VMThread [stack: 0x0000000018720000,0x0000000018820000] [id=6620]
  0x000000001906c000 WatcherThread [stack: 0x0000000019520000,0x0000000019620000] [id=10980]

VM state:at safepoint (normal execution)

VM Mutex/Monitor currently owned by a thread:  ([mutex/lock_event])
[0x0000000002a8cc50] Threads_lock - owner thread: 0x0000000017677800
[0x0000000002a8c650] Heap_lock - owner thread: 0x000000001938a000

Heap:
 PSYoungGen      total 273920K, used 249344K [0x00000000d5580000, 0x00000000e8f80000, 0x0000000100000000)
  eden space 249344K, 100% used [0x00000000d5580000,0x00000000e4900000,0x00000000e4900000)
  from space 24576K, 0% used [0x00000000e6880000,0x00000000e6880000,0x00000000e8080000)
  to   space 32256K, 0% used [0x00000000e4900000,0x00000000e4900000,0x00000000e6880000)
 ParOldGen       total 185344K, used 184898K [0x0000000080000000, 0x000000008b500000, 0x00000000d5580000)
  object space 185344K, 99% used [0x0000000080000000,0x000000008b490978,0x000000008b500000)
 Metaspace       used 6657K, capacity 7320K, committed 7680K, reserved 1056768K
  class space    used 627K, capacity 656K, committed 768K, reserved 1048576K

Card table byte_map: [0x0000000011e50000,0x0000000012260000] byte_map_base: 0x0000000011a50000

Marking Bits: (ParMarkBitMap*) 0x000000006550a5b0
 Begin Bits: [0x0000000012910000, 0x0000000014910000)
 End Bits:   [0x0000000014910000, 0x0000000016910000)

Polling page: 0x0000000001f20000

CodeCache: size=245760Kb used=11774Kb max_used=12340Kb free=233985Kb
 bounds [0x0000000002a90000, 0x00000000036b0000, 0x0000000011a90000]
 total_blobs=2600 nmethods=2330 adapters=182
 compilation: enabled

Compilation events (10 events):
Event: 84.399 Thread 0x00000000176b7000 nmethod 2880 0x000000000343d1d0 code [0x000000000343d480, 0x000000000343e768]
Event: 84.399 Thread 0x00000000176b7000 2882       3       com.android.dx.ssa.back.FirstFitLocalCombiningAllocator::allocateRegisters (37 bytes)
Event: 84.400 Thread 0x00000000176b7000 nmethod 2882 0x000000000343c850 code [0x000000000343ca40, 0x000000000343cf78]
Event: 84.409 Thread 0x00000000176b7000 2883   !   3       com.android.dx.rop.cst.CstType::intern (48 bytes)
Event: 84.411 Thread 0x00000000176b7000 nmethod 2883 0x000000000343b350 code [0x000000000343b560, 0x000000000343c188]
Event: 84.413 Thread 0x00000000176ac800 2884   !   4       java.util.zip.InflaterInputStream::read (138 bytes)
Event: 84.415 Thread 0x00000000176b7000 2885       3       com.android.dx.dex.file.AnnotationUtils::makeCstArray (57 bytes)
Event: 84.417 Thread 0x00000000176b7000 nmethod 2885 0x0000000003439550 code [0x00000000034397c0, 0x000000000343a858]
Event: 84.420 Thread 0x00000000176b7000 2886       3       java.util.HashMap::comparableClassFor (105 bytes)
Event: 84.421 Thread 0x00000000176b7000 nmethod 2886 0x00000000034383d0 code [0x00000000034385e0, 0x00000000034391c8]

GC Heap History (10 events):
Event: 74.628 GC heap after
Heap after GC invocations=24 (full 13):
 PSYoungGen      total 273920K, used 199128K [0x00000000d5580000, 0x00000000e8f80000, 0x0000000100000000)
  eden space 249344K, 79% used [0x00000000d5580000,0x00000000e17f60f8,0x00000000e4900000)
  from space 24576K, 0% used [0x00000000e6880000,0x00000000e6880000,0x00000000e8080000)
  to   space 32256K, 0% used [0x00000000e4900000,0x00000000e4900000,0x00000000e6880000)
 ParOldGen       total 185344K, used 184899K [0x0000000080000000, 0x000000008b500000, 0x00000000d5580000)
  object space 185344K, 99% used [0x0000000080000000,0x000000008b490fd8,0x000000008b500000)
 Metaspace       used 6657K, capacity 7320K, committed 7680K, reserved 1056768K
  class space    used 627K, capacity 656K, committed 768K, reserved 1048576K
}
Event: 74.950 GC heap before
{Heap before GC invocations=25 (full 14):
 PSYoungGen      total 273920K, used 249344K [0x00000000d5580000, 0x00000000e8f80000, 0x0000000100000000)
  eden space 249344K, 100% used [0x00000000d5580000,0x00000000e4900000,0x00000000e4900000)
  from space 24576K, 0% used [0x00000000e6880000,0x00000000e6880000,0x00000000e8080000)
  to   space 32256K, 0% used [0x00000000e4900000,0x00000000e4900000,0x00000000e6880000)
 ParOldGen       total 185344K, used 184899K [0x0000000080000000, 0x000000008b500000, 0x00000000d5580000)
  object space 185344K, 99% used [0x0000000080000000,0x000000008b490fd8,0x000000008b500000)
 Metaspace       used 6657K, capacity 7320K, committed 7680K, reserved 1056768K
  class space    used 627K, capacity 656K, committed 768K, reserved 1048576K
Event: 77.559 GC heap after
Heap after GC invocations=25 (full 14):
 PSYoungGen      total 273920K, used 207048K [0x00000000d5580000, 0x00000000e8f80000, 0x0000000100000000)
  eden space 249344K, 83% used [0x00000000d5580000,0x00000000e1fb20b0,0x00000000e4900000)
  from space 24576K, 0% used [0x00000000e6880000,0x00000000e6880000,0x00000000e8080000)
  to   space 32256K, 0% used [0x00000000e4900000,0x00000000e4900000,0x00000000e6880000)
 ParOldGen       total 185344K, used 184899K [0x0000000080000000, 0x000000008b500000, 0x00000000d5580000)
  object space 185344K, 99% used [0x0000000080000000,0x000000008b490cf8,0x000000008b500000)
 Metaspace       used 6657K, capacity 7320K, committed 7680K, reserved 1056768K
  class space    used 627K, capacity 656K, committed 768K, reserved 1048576K
}
Event: 77.801 GC heap before
{Heap before GC invocations=26 (full 15):
 PSYoungGen      total 273920K, used 249344K [0x00000000d5580000, 0x00000000e8f80000, 0x0000000100000000)
  eden space 249344K, 100% used [0x00000000d5580000,0x00000000e4900000,0x00000000e4900000)
  from space 24576K, 0% used [0x00000000e6880000,0x00000000e6880000,0x00000000e8080000)
  to   space 32256K, 0% used [0x00000000e4900000,0x00000000e4900000,0x00000000e6880000)
 ParOldGen       total 185344K, used 184899K [0x0000000080000000, 0x000000008b500000, 0x00000000d5580000)
  object space 185344K, 99% used [0x0000000080000000,0x000000008b490cf8,0x000000008b500000)
 Metaspace       used 6657K, capacity 7320K, committed 7680K, reserved 1056768K
  class space    used 627K, capacity 656K, committed 768K, reserved 1048576K
Event: 80.254 GC heap after
Heap after GC invocations=26 (full 15):
 PSYoungGen      total 273920K, used 213110K [0x00000000d5580000, 0x00000000e8f80000, 0x0000000100000000)
  eden space 249344K, 85% used [0x00000000d5580000,0x00000000e259d9a8,0x00000000e4900000)
  from space 24576K, 0% used [0x00000000e6880000,0x00000000e6880000,0x00000000e8080000)
  to   space 32256K, 0% used [0x00000000e4900000,0x00000000e4900000,0x00000000e6880000)
 ParOldGen       total 185344K, used 184898K [0x0000000080000000, 0x000000008b500000, 0x00000000d5580000)
  object space 185344K, 99% used [0x0000000080000000,0x000000008b490ad8,0x000000008b500000)
 Metaspace       used 6657K, capacity 7320K, committed 7680K, reserved 1056768K
  class space    used 627K, capacity 656K, committed 768K, reserved 1048576K
}
Event: 80.419 GC heap before
{Heap before GC invocations=27 (full 16):
 PSYoungGen      total 273920K, used 249344K [0x00000000d5580000, 0x00000000e8f80000, 0x0000000100000000)
  eden space 249344K, 100% used [0x00000000d5580000,0x00000000e4900000,0x00000000e4900000)
  from space 24576K, 0% used [0x00000000e6880000,0x00000000e6880000,0x00000000e8080000)
  to   space 32256K, 0% used [0x00000000e4900000,0x00000000e4900000,0x00000000e6880000)
 ParOldGen       total 185344K, used 184898K [0x0000000080000000, 0x000000008b500000, 0x00000000d5580000)
  object space 185344K, 99% used [0x0000000080000000,0x000000008b490ad8,0x000000008b500000)
 Metaspace       used 6657K, capacity 7320K, committed 7680K, reserved 1056768K
  class space    used 627K, capacity 656K, committed 768K, reserved 1048576K
Event: 82.485 GC heap after
Heap after GC invocations=27 (full 16):
 PSYoungGen      total 273920K, used 218451K [0x00000000d5580000, 0x00000000e8f80000, 0x0000000100000000)
  eden space 249344K, 87% used [0x00000000d5580000,0x00000000e2ad4e20,0x00000000e4900000)
  from space 24576K, 0% used [0x00000000e6880000,0x00000000e6880000,0x00000000e8080000)
  to   space 32256K, 0% used [0x00000000e4900000,0x00000000e4900000,0x00000000e6880000)
 ParOldGen       total 185344K, used 184898K [0x0000000080000000, 0x000000008b500000, 0x00000000d5580000)
  object space 185344K, 99% used [0x0000000080000000,0x000000008b490978,0x000000008b500000)
 Metaspace       used 6657K, capacity 7320K, committed 7680K, reserved 1056768K
  class space    used 627K, capacity 656K, committed 768K, reserved 1048576K
}
Event: 82.590 GC heap before
{Heap before GC invocations=28 (full 17):
 PSYoungGen      total 273920K, used 249344K [0x00000000d5580000, 0x00000000e8f80000, 0x0000000100000000)
  eden space 249344K, 100% used [0x00000000d5580000,0x00000000e4900000,0x00000000e4900000)
  from space 24576K, 0% used [0x00000000e6880000,0x00000000e6880000,0x00000000e8080000)
  to   space 32256K, 0% used [0x00000000e4900000,0x00000000e4900000,0x00000000e6880000)
 ParOldGen       total 185344K, used 184898K [0x0000000080000000, 0x000000008b500000, 0x00000000d5580000)
  object space 185344K, 99% used [0x0000000080000000,0x000000008b490978,0x000000008b500000)
 Metaspace       used 6657K, capacity 7320K, committed 7680K, reserved 1056768K
  class space    used 627K, capacity 656K, committed 768K, reserved 1048576K
Event: 84.340 GC heap after
Heap after GC invocations=28 (full 17):
 PSYoungGen      total 273920K, used 223370K [0x00000000d5580000, 0x00000000e8f80000, 0x0000000100000000)
  eden space 249344K, 89% used [0x00000000d5580000,0x00000000e2fa2908,0x00000000e4900000)
  from space 24576K, 0% used [0x00000000e6880000,0x00000000e6880000,0x00000000e8080000)
  to   space 32256K, 0% used [0x00000000e4900000,0x00000000e4900000,0x00000000e6880000)
 ParOldGen       total 185344K, used 184898K [0x0000000080000000, 0x000000008b500000, 0x00000000d5580000)
  object space 185344K, 99% used [0x0000000080000000,0x000000008b490978,0x000000008b500000)
 Metaspace       used 6657K, capacity 7320K, committed 7680K, reserved 1056768K
  class space    used 627K, capacity 656K, committed 768K, reserved 1048576K
}
Event: 84.452 GC heap before
{Heap before GC invocations=29 (full 18):
 PSYoungGen      total 273920K, used 249344K [0x00000000d5580000, 0x00000000e8f80000, 0x0000000100000000)
  eden space 249344K, 100% used [0x00000000d5580000,0x00000000e4900000,0x00000000e4900000)
  from space 24576K, 0% used [0x00000000e6880000,0x00000000e6880000,0x00000000e8080000)
  to   space 32256K, 0% used [0x00000000e4900000,0x00000000e4900000,0x00000000e6880000)
 ParOldGen       total 185344K, used 184898K [0x0000000080000000, 0x000000008b500000, 0x00000000d5580000)
  object space 185344K, 99% used [0x0000000080000000,0x000000008b490978,0x000000008b500000)
 Metaspace       used 6657K, capacity 7320K, committed 7680K, reserved 1056768K
  class space    used 627K, capacity 656K, committed 768K, reserved 1048576K

Deoptimization events (10 events):
Event: 57.748 Thread 0x0000000019388800 Uncommon trap: reason=class_check action=maybe_recompile pc=0x00000000035ca6d4 method=com.android.dx.cf.code.BytecodeArray.parseInstruction(ILcom/android/dx/cf/code/BytecodeArray$Visitor;)I @ 1837
Event: 58.033 Thread 0x0000000019388800 Uncommon trap: reason=bimorphic action=maybe_recompile pc=0x00000000035c9f60 method=com.android.dx.cf.code.BytecodeArray.parseInstruction(ILcom/android/dx/cf/code/BytecodeArray$Visitor;)I @ 1327
Event: 58.033 Thread 0x0000000019388800 Uncommon trap: reason=bimorphic action=maybe_recompile pc=0x00000000035c9f60 method=com.android.dx.cf.code.BytecodeArray.parseInstruction(ILcom/android/dx/cf/code/BytecodeArray$Visitor;)I @ 1327
Event: 58.571 Thread 0x0000000019388800 Uncommon trap: reason=unstable_if action=reinterpret pc=0x00000000034b12bc method=com.android.dx.cf.code.Merger.mergeType(Lcom/android/dx/rop/type/TypeBearer;Lcom/android/dx/rop/type/TypeBearer;)Lcom/android/dx/rop/type/TypeBearer; @ 77
Event: 61.080 Thread 0x0000000019389000 Uncommon trap: reason=class_check action=maybe_recompile pc=0x000000000308f734 method=java.util.HashMap$TreeNode.find(ILjava/lang/Object;Ljava/lang/Class;)Ljava/util/HashMap$TreeNode; @ 68
Event: 61.080 Thread 0x0000000019389000 Uncommon trap: reason=class_check action=maybe_recompile pc=0x000000000308f734 method=java.util.HashMap$TreeNode.find(ILjava/lang/Object;Ljava/lang/Class;)Ljava/util/HashMap$TreeNode; @ 68
Event: 64.872 Thread 0x000000001938a000 Uncommon trap: reason=class_check action=maybe_recompile pc=0x000000000308f734 method=java.util.HashMap$TreeNode.find(ILjava/lang/Object;Ljava/lang/Class;)Ljava/util/HashMap$TreeNode; @ 68
Event: 64.872 Thread 0x000000001938a000 Uncommon trap: reason=class_check action=maybe_recompile pc=0x000000000308f734 method=java.util.HashMap$TreeNode.find(ILjava/lang/Object;Ljava/lang/Class;)Ljava/util/HashMap$TreeNode; @ 68
Event: 72.013 Thread 0x0000000019388800 Uncommon trap: reason=unstable_if action=reinterpret pc=0x0000000002f58774 method=com.android.dx.ssa.LiteralOpUpgrader$1.visitNonMoveInsn(Lcom/android/dx/ssa/NormalSsaInsn;)V @ 24
Event: 84.342 Thread 0x0000000019388800 Uncommon trap: reason=unstable_if action=reinterpret pc=0x000000000369e988 method=java.util.HashMap$TreeNode.find(ILjava/lang/Object;Ljava/lang/Class;)Ljava/util/HashMap$TreeNode; @ 58

Internal exceptions (10 events):
Event: 0.096 Thread 0x00000000028b0800 Exception <a 'java/lang/NoSuchMethodError': Method sun.misc.Unsafe.defineClass(Ljava/lang/String;[BII)Ljava/lang/Class; name or signature does not match> (0x00000000d558d608) thrown at [C:\re\workspace\8-2-build-windows-amd64-cygwin\jdk8u66\4988\hotspot\srÙ(`¶ù∏?
Event: 0.096 Thread 0x00000000028b0800 Exception <a 'java/lang/NoSuchMethodError': Method sun.misc.Unsafe.prefetchRead(Ljava/lang/Object;J)V name or signature does not match> (0x00000000d558d8f0) thrown at [C:\re\workspace\8-2-build-windows-amd64-cygwin\jdk8u66\4988\hotspot\src\share\vm\prims\juRBgˇ%@
Event: 2.144 Thread 0x0000000019389000 Implicit null exception at 0x0000000002daf4e2 to 0x0000000002daf5e9
Event: 2.230 Thread 0x000000001938a000 Implicit null exception at 0x0000000002db12db to 0x0000000002db283d
Event: 3.613 Thread 0x0000000019389000 Implicit null exception at 0x0000000003054122 to 0x00000000030542e5
Event: 7.549 Thread 0x0000000019389000 Exception <a 'java/lang/ArrayIndexOutOfBoundsException': 18> (0x00000000d7f19e88) thrown at [C:\re\workspace\8-2-build-windows-amd64-cygwin\jdk8u66\4988\hotspot\src\share\vm\interpreter\interpreterRuntime.cpp, line 366]
Event: 7.550 Thread 0x0000000019389000 Exception <a 'java/lang/ArrayIndexOutOfBoundsException': 145> (0x00000000d7f1ba08) thrown at [C:\re\workspace\8-2-build-windows-amd64-cygwin\jdk8u66\4988\hotspot\src\share\vm\interpreter\interpreterRuntime.cpp, line 366]
Event: 7.552 Thread 0x0000000019389000 Exception <a 'java/lang/ArrayIndexOutOfBoundsException'> (0x00000000d7f1ccf0) thrown at [C:\re\workspace\8-2-build-windows-amd64-cygwin\jdk8u66\4988\hotspot\src\share\vm\runtime\sharedRuntime.cpp, line 605]
Event: 24.129 Thread 0x0000000019388800 Implicit null exception at 0x0000000002ddb458 to 0x0000000002de1ad9
Event: 31.839 Thread 0x00000000028b0800 Implicit null exception at 0x0000000002c0013d to 0x0000000002c00ad9

Events (10 events):
Event: 77.798 Executing VM operation: ParallelGCFailedAllocation
Event: 80.254 Executing VM operation: ParallelGCFailedAllocation done
Event: 80.418 Executing VM operation: ParallelGCFailedAllocation
Event: 82.485 Executing VM operation: ParallelGCFailedAllocation done
Event: 82.590 Executing VM operation: ParallelGCFailedAllocation
Event: 84.340 Executing VM operation: ParallelGCFailedAllocation done
Event: 84.342 Thread 0x0000000019388800 Uncommon trap: trap_request=0xffffff65 fr.pc=0x000000000369e988
Event: 84.342 Thread 0x0000000019388800 DEOPT PACKING pc=0x000000000369e988 sp=0x000000001aeee1e0
Event: 84.342 Thread 0x0000000019388800 DEOPT UNPACKING pc=0x0000000002ad582a sp=0x000000001aeee1a8 mode 2
Event: 84.448 Executing VM operation: ParallelGCFailedAllocation


Dynamic libraries:
0x00007ff7a44e0000 - 0x00007ff7a4517000 	C:\Program Files\Java\jdk1.8.0_66\bin\java.exe
0x00007ffd4e2a0000 - 0x00007ffd4e461000 	C:\WINDOWS\SYSTEM32\ntdll.dll
0x00007ffd4bd80000 - 0x00007ffd4be2d000 	C:\WINDOWS\system32\KERNEL32.DLL
0x00007ffd4aa30000 - 0x00007ffd4ac18000 	C:\WINDOWS\system32\KERNELBASE.dll
0x00007ffd4bcd0000 - 0x00007ffd4bd77000 	C:\WINDOWS\system32\ADVAPI32.dll
0x00007ffd4d6a0000 - 0x00007ffd4d73d000 	C:\WINDOWS\system32\msvcrt.dll
0x00007ffd4be70000 - 0x00007ffd4becb000 	C:\WINDOWS\system32\sechost.dll
0x00007ffd4bbb0000 - 0x00007ffd4bccc000 	C:\WINDOWS\system32\RPCRT4.dll
0x00007ffd4db80000 - 0x00007ffd4dcd6000 	C:\WINDOWS\system32\USER32.dll
0x00007ffd4d9d0000 - 0x00007ffd4db56000 	C:\WINDOWS\system32\GDI32.dll
0x00007ffd3de40000 - 0x00007ffd3e0b4000 	C:\WINDOWS\WinSxS\amd64_microsoft.windows.common-controls_6595b64144ccf1df_6.0.10586.0_none_8c15ae12515e1c22\COMCTL32.dll
0x00007ffd4dce0000 - 0x00007ffd4df5d000 	C:\WINDOWS\system32\combase.dll
0x00007ffd4b3a0000 - 0x00007ffd4b40a000 	C:\WINDOWS\system32\bcryptPrimitives.dll
0x00007ffd2f430000 - 0x00007ffd2f95a000 	C:\Program Files\McAfee\DLP\Agent\fcagcbh64.dll
0x00007ffd4bb50000 - 0x00007ffd4bba2000 	C:\WINDOWS\system32\SHLWAPI.dll
0x00000000001c0000 - 0x00000000001c8000 	C:\WINDOWS\system32\PSAPI.DLL
0x00007ffd4bf80000 - 0x00007ffd4c0c3000 	C:\WINDOWS\system32\ole32.dll
0x00007ffd4be30000 - 0x00007ffd4be6b000 	C:\WINDOWS\system32\IMM32.DLL
0x00007ffd49db0000 - 0x00007ffd49de1000 	C:\WINDOWS\SYSTEM32\ntmarta.dll
0x00007ffd343e0000 - 0x00007ffd3448c000 	C:\Program Files\McAfee\Endpoint Security\Threat Prevention\Ips\EpMPApi.dll
0x0000000000540000 - 0x0000000000595000 	C:\WINDOWS\system32\WINTRUST.dll
0x00007ffd4a940000 - 0x00007ffd4a950000 	C:\WINDOWS\system32\MSASN1.dll
0x00007ffd4b410000 - 0x00007ffd4b5d7000 	C:\WINDOWS\system32\CRYPT32.dll
0x0000000065d80000 - 0x0000000065d8b000 	C:\Program Files\McAfee\Endpoint Security\Threat Prevention\Ips\EpMPThe.dll
0x0000000060b20000 - 0x0000000060bf2000 	C:\Program Files\Java\jdk1.8.0_66\jre\bin\msvcr100.dll
0x0000000064d00000 - 0x0000000065589000 	C:\Program Files\Java\jdk1.8.0_66\jre\bin\server\jvm.dll
0x00007ffd48ae0000 - 0x00007ffd48b03000 	C:\WINDOWS\SYSTEM32\WINMM.dll
0x00007ffd3b8e0000 - 0x00007ffd3b8ea000 	C:\WINDOWS\SYSTEM32\VERSION.dll
0x00007ffd3ff30000 - 0x00007ffd3ff39000 	C:\WINDOWS\SYSTEM32\WSOCK32.dll
0x00007ffd4c0d0000 - 0x00007ffd4c13b000 	C:\WINDOWS\system32\WS2_32.dll
0x00007ffd48ab0000 - 0x00007ffd48adc000 	C:\WINDOWS\SYSTEM32\WINMMBASE.dll
0x00007ffd4a950000 - 0x00007ffd4a993000 	C:\WINDOWS\system32\cfgmgr32.dll
0x0000000064cf0000 - 0x0000000064cff000 	C:\Program Files\Java\jdk1.8.0_66\jre\bin\verify.dll
0x0000000064cc0000 - 0x0000000064ce9000 	C:\Program Files\Java\jdk1.8.0_66\jre\bin\java.dll
0x0000000064ca0000 - 0x0000000064cb6000 	C:\Program Files\Java\jdk1.8.0_66\jre\bin\zip.dll
0x00007ffd4c140000 - 0x00007ffd4d69c000 	C:\WINDOWS\system32\SHELL32.dll
0x00007ffd4ad50000 - 0x00007ffd4b395000 	C:\WINDOWS\system32\windows.storage.dll
0x00007ffd4a930000 - 0x00007ffd4a93f000 	C:\WINDOWS\system32\kernel.appcore.dll
0x00007ffd4b5e0000 - 0x00007ffd4b695000 	C:\WINDOWS\system32\shcore.dll
0x00007ffd4a8c0000 - 0x00007ffd4a90b000 	C:\WINDOWS\system32\powrprof.dll
0x00007ffd4a910000 - 0x00007ffd4a924000 	C:\WINDOWS\system32\profapi.dll

VM Arguments:
jvm_args: -Xmx2048M -Dfile.encoding=windows-1252 -Duser.country=US -Duser.language=en -Duser.variant 
java_command: com.android.dx.command.Main --dex --force-jumbo --num-threads=4 --multi-dex --main-dex-list C:\Users\oluwafemi.bamisaye\Documents\Android Projects\VisiLautech\app\build\intermediates\multi-dex\debug\maindexlist.txt --output C:\Users\oluwafemi.bamisaye\Documents\Android Projects\VisiLautech\app\build\intermediates\dex\debug C:\Users\oluwafemi.bamisaye\Documents\Android Projects\VisiLautech\app\build\intermediates\multi-dex\debug\allclasses.jar
java_class_path (initial): C:\sdk\build-tools\23.0.2\lib\dx.jar
Launcher Type: SUN_STANDARD

Environment Variables:
PATH=C:\ProgramData\Oracle\Java\javapath;C:\Windows\system32;C:\Windows;C:\Windows\System32\Wbem;C:\Windows\System32\WindowsPowerShell\v1.0\;C:\adb;C:\Program Files\TortoiseSVN\bin;C:\Program Files (x86)\Windows Kits\8.1\Windows Performance Toolkit\;C:\Program Files\Microsoft SQL Server\110\Tools\Binn\;C:\Program Files (x86)\Skype\Phone\;C:\Program Files\Git\cmd;C:\WINDOWS\system32;C:\WINDOWS;C:\WINDOWS\System32\Wbem;C:\WINDOWS\System32\WindowsPowerShell\v1.0\;C:\Program Files (x86)\Microsoft SDKs\TypeScript\1.0\;C:\Program Files\Microsoft SQL Server\120\Tools\Binn\;%USERPROFILE%\.dnx\bin;C:\Program Files\Microsoft DNX\Dnvm\
USERNAME=oluwafemi.bamisaye
OS=Windows_NT
PROCESSOR_IDENTIFIER=Intel64 Family 6 Model 60 Stepping 3, GenuineIntel



---------------  S Y S T E M  ---------------

OS: Windows 10.0 , 64 bit Build 10586 (10.0.10586.0)

CPU:total 4 (2 cores per cpu, 2 threads per core) family 6 model 60 stepping 3, cmov, cx8, fxsr, mmx, sse, sse2, sse3, ssse3, sse4.1, sse4.2, popcnt, avx, avx2, aes, clmul, erms, lzcnt, ht, tsc, tscinvbit, bmi1, bmi2

Memory: 4k page, physical 8291864k(693356k free), swap 16483864k(5388k free)

vm_info: Java HotSpot(TM) 64-Bit Server VM (25.66-b17) for windows-amd64 JRE (1.8.0_66-b17), built on Oct  6 2015 18:55:33 by "java_re" with MS VC++ 10.0 (VS2010)

time: Thu Mar 31 19:41:10 2016
elapsed time: 85 seconds (0d 0h 1m 25s)

